[backblue.gif]
[fade.gif]
[index.html]
[diagram.com/_next/static/chunks/polyfills-c67a75d1b6f99dc8.js]
[diagram.com/_next/static/chunks/webpack-7669f1fb9c0c1967.js]
[diagram.com/_next/static/chunks/framework-671b352ba090978c.js]
[diagram.com/_next/static/chunks/main-6fa967416617f446.js]
[diagram.com/_next/static/chunks/pages/_app-ce3f66cff41e575a.js]
[diagram.com/_next/static/chunks/pages/index-21774cf089e01454.js]
[diagram.com/_next/static/kEc6ONa3ZfGpdm2fmWczU/_buildManifest.js]
[diagram.com/_next/static/kEc6ONa3ZfGpdm2fmWczU/_ssgManifest.js]
[uploads-ssl.webflow.com/6408bea3de5aef58b7e197d4/css/diagramwf.webflow.ba08e8b0a.min.css]
[uploads-ssl.webflow.com/6408bea3de5aef58b7e197d4/641b24ded2ea0f1e38904af8_favicon.png]
[uploads-ssl.webflow.com/6408bea3de5aef58b7e197d4/641b24fa3cc176000c877971_webclip.png]
[bevacqua.github.io/dragula/dist/dragula.css]
[uploads-ssl.webflow.com/6408bea3de5aef58b7e197d4/6408c50680c7dae0a89901a1_logo.svg]
[diagram.com/login]
[uploads-ssl.webflow.com/6408bea3de5aef58b7e197d4/646b893ad64ee4be28da3006_d-cutout 1.png]
[uploads-ssl.webflow.com/6408bea3de5aef58b7e197d4/6408d1f2e05890a734fab55c_diagram-planet.svg]
[uploads-ssl.webflow.com/6408bea3de5aef58b7e197d4/646d305f55cd2ce9f378b05d_planet-red.png]
[uploads-ssl.webflow.com/6408bea3de5aef58b7e197d4/646d310acab0c39a1ada8b70_planet-blue.png]
[uploads-ssl.webflow.com/6408bea3de5aef58b7e197d4/646d305e953a93852d6679ff_planet-automator.png]
[uploads-ssl.webflow.com/6408bea3de5aef58b7e197d4/646d305da8fee2ce65d7cf54_planet-automator-logo.png]
[uploads-ssl.webflow.com/6408bea3de5aef58b7e197d4/646d305e6cbb2ccb8c52332e_planet-genius.png]
[uploads-ssl.webflow.com/6408bea3de5aef58b7e197d4/646d305d08572b42186fc612_planet-genius-logo.png]
[uploads-ssl.webflow.com/6408bea3de5aef58b7e197d4/646d30baa8fee2ce65d82fdd_planet-magician.png]
[uploads-ssl.webflow.com/6408bea3de5aef58b7e197d4/646d30b90419ec1e0612949d_planet-magician-logo.png]
[uploads-ssl.webflow.com/6408bea3de5aef58b7e197d4/646d305e4b9d3a54b9b39375_planet-UI-AI.png]
[uploads-ssl.webflow.com/6408bea3de5aef58b7e197d4/646d305ddfcffe0100794e7d_planet-UI-AI-logo.png]
[uploads-ssl.webflow.com/6408bea3de5aef58b7e197d4/646d31602b6dd6ab9e6bb84e_planet-brown.png]
[uploads-ssl.webflow.com/6408bea3de5aef58b7e197d4/646d305e55cd2ce9f378af65_planet-brown-ring.png]
[uploads-ssl.webflow.com/6408bea3de5aef58b7e197d4/646d305f6cbb2ccb8c52339d_planet-green.png]
[uploads-ssl.webflow.com/6408bea3de5aef58b7e197d4/64092187ef5f2a2bda3abc21_magician-icon.svg]
[uploads-ssl.webflow.com/6408bea3de5aef58b7e197d4/6418f6e0109266f276d32960_stars.svg]
[uploads-ssl.webflow.com/6408bea3de5aef58b7e197d4/640b9dc643138c60b9280d4c_wand-glow.png]
[uploads-ssl.webflow.com/6408bea3de5aef58b7e197d4/641a2da6cec88a74579d42dd_ai-grain.png]
[uploads-ssl.webflow.com/6408bea3de5aef58b7e197d4/641a223cb8c402fc3b141b77_wand-beam.png]
[uploads-ssl.webflow.com/6408bea3de5aef58b7e197d4/6418f446183d39c4a3d8c69f_􀫸.png]
[uploads-ssl.webflow.com/6408bea3de5aef58b7e197d4/6418f3568a2d35361705fdfe_􀫸-shadow.png]
[uploads-ssl.webflow.com/6408bea3de5aef58b7e197d4/6423553b5f7e114147decea9_TopNavigation.png]
[uploads-ssl.webflow.com/6408bea3de5aef58b7e197d4/646bae325e19410d8297d18d_magic-app-wand.svg]
[uploads-ssl.webflow.com/6408bea3de5aef58b7e197d4/641b699fd16746c6845bcb33_magic-icon-icon.svg]
[uploads-ssl.webflow.com/6408bea3de5aef58b7e197d4/646bae31b9a1c725f1c986dd_magic-app-hats.svg]
[uploads-ssl.webflow.com/6408bea3de5aef58b7e197d4/646bae32c70d0adb5a08acbd_magic-app-spellbooks.svg]
[uploads-ssl.webflow.com/6408bea3de5aef58b7e197d4/646bae763694a2f210c9f6a7_magic-app-cards.svg]
[uploads-ssl.webflow.com/6408bea3de5aef58b7e197d4/646bb5367ff3ec2364ad35a3_wand-1.png]
[uploads-ssl.webflow.com/6408bea3de5aef58b7e197d4/64123c0fe6400449a82646ea_magic-image-icon.svg]
[uploads-ssl.webflow.com/6408bea3de5aef58b7e197d4/646bb53701967b9885a4f51a_wand-2.png]
[uploads-ssl.webflow.com/6408bea3de5aef58b7e197d4/646bc9b71195aed718be9349_hat-1.png]
[uploads-ssl.webflow.com/6408bea3de5aef58b7e197d4/646bc9b7edf695a4634c85d0_hat-2.png]
[uploads-ssl.webflow.com/6408bea3de5aef58b7e197d4/646bc9b745e22488bb08269d_book-2.png]
[uploads-ssl.webflow.com/6408bea3de5aef58b7e197d4/646bc9b7214cf139626890b5_book-1.png]
[uploads-ssl.webflow.com/6408bea3de5aef58b7e197d4/646bd940287488fc42d61df1_card-1.png]
[uploads-ssl.webflow.com/6408bea3de5aef58b7e197d4/646bd94003a5a1acb456733e_card-2.png]
[uploads-ssl.webflow.com/6408bea3de5aef58b7e197d4/641216acdd7b9d4820493809_✨ basketball.svg]
[uploads-ssl.webflow.com/6408bea3de5aef58b7e197d4/641216acc6ee883fa620a3be_✨ music note.svg]
[uploads-ssl.webflow.com/6408bea3de5aef58b7e197d4/641216ac36b4eb19a211479c_✨ dog riding surfboard.svg]
[uploads-ssl.webflow.com/6408bea3de5aef58b7e197d4/641216ad394f80dd19dc5744_✨ traffic cone simple.svg]
[uploads-ssl.webflow.com/6408bea3de5aef58b7e197d4/641216ad51944257e5f21e6f_✨ slice of pizza.svg]
[uploads-ssl.webflow.com/6408bea3de5aef58b7e197d4/641216acd18040492610802f_✨ mario portrait.svg]
[uploads-ssl.webflow.com/6408bea3de5aef58b7e197d4/641216add18040b8f6108030_✨ pencil.svg]
[uploads-ssl.webflow.com/6408bea3de5aef58b7e197d4/6411f9225228f4ba089bf889_wizard with binoculars-1.svg]
[uploads-ssl.webflow.com/6408bea3de5aef58b7e197d4/641216ac504eb83f4f4885be_✨ mountain.svg]
[uploads-ssl.webflow.com/6408bea3de5aef58b7e197d4/641216ad5194427dc3f21e55_✨ nike shoes.svg]
[uploads-ssl.webflow.com/6408bea3de5aef58b7e197d4/641216ae0ba06e07afcc6f5b_✨ steve jobss portrait.svg]
[uploads-ssl.webflow.com/6408bea3de5aef58b7e197d4/641216ac0d10fa4b79f3bda9_✨ game controller.svg]
[uploads-ssl.webflow.com/6408bea3de5aef58b7e197d4/641216ad15bc90537a2fd6fb_✨ planet.svg]
[uploads-ssl.webflow.com/6408bea3de5aef58b7e197d4/641216ac464b2e28d5941f45_✨ castle.svg]
[uploads-ssl.webflow.com/6408bea3de5aef58b7e197d4/641216add6b84398102d7341_✨ watch.svg]
[uploads-ssl.webflow.com/6408bea3de5aef58b7e197d4/641216ac03b6add236dab63b_✨ beyoncee.svg]
[uploads-ssl.webflow.com/6408bea3de5aef58b7e197d4/641216ad15bc90503b2fd6fc_wizard with binoculars.svg]
[uploads-ssl.webflow.com/6408bea3de5aef58b7e197d4/641216acd4e33e6535da4238_✨ lobster.svg]
[uploads-ssl.webflow.com/6408bea3de5aef58b7e197d4/641216acdd7b9d089f493808_✨ happy cat.svg]
[uploads-ssl.webflow.com/6408bea3de5aef58b7e197d4/641216ad6d492c4a2abc7cef_✨ ufo.svg]
[uploads-ssl.webflow.com/6408bea3de5aef58b7e197d4/641216ad3b076a8eaffa1318_wizard looking through binoculars.svg]
[uploads-ssl.webflow.com/6408bea3de5aef58b7e197d4/641b49da2de1641a4a866a9f_✨ astronaut with palm tree.svg]
[uploads-ssl.webflow.com/6408bea3de5aef58b7e197d4/642389244f8a9966b484a3f6_question-mark-pattern.png]
[uploads-ssl.webflow.com/6408bea3de5aef58b7e197d4/6412537be41c11523b118a34_It’s magical..svg]
[uploads-ssl.webflow.com/6408bea3de5aef58b7e197d4/6467e547fc1e4dbf3c3080d7_Magic.png]
[uploads-ssl.webflow.com/6408bea3de5aef58b7e197d4/6411427cc858d99cbbb3f9fc_book-outline.svg]
[uploads-ssl.webflow.com/6408bea3de5aef58b7e197d4/641b39c8129134408ab85603_diagram-book-logo.png]
[uploads-ssl.webflow.com/6408bea3de5aef58b7e197d4/641144e24ccea2059b4bf327_The Magical Designer Spellbook.png]
[uploads-ssl.webflow.com/6408bea3de5aef58b7e197d4/641b3828e735886d7e1eed6e_by-diagram-author.png]
[uploads-ssl.webflow.com/6408bea3de5aef58b7e197d4/6411468123a773394d67788a_􀫸.svg]
[uploads-ssl.webflow.com/6408bea3de5aef58b7e197d4/641148736a7d9553c3a057fd_Spellbook.png]
[uploads-ssl.webflow.com/6408bea3de5aef58b7e197d4/64652a8b3744d5aed611ddd9_genius-header-logo.svg]
[uploads-ssl.webflow.com/6408bea3de5aef58b7e197d4/640921b8083a0443cf83c611_genius-icon.svg]
[uploads-ssl.webflow.com/6408bea3de5aef58b7e197d4/6421f254ecc951778422a882_planet-gray.svg]
[uploads-ssl.webflow.com/6408bea3de5aef58b7e197d4/6410e00fbfe8ed7a011640d8_planet-blue.svg]
[uploads-ssl.webflow.com/6408bea3de5aef58b7e197d4/641cc2f93287d140e901334d_genius-icon.svg]
[uploads-ssl.webflow.com/6408bea3de5aef58b7e197d4/6423579fee3c86ec985a791a_001-comet.svg]
[uploads-ssl.webflow.com/6408bea3de5aef58b7e197d4/644bbea812ed4bfd26084e4c_stars-icon.svg]
[uploads-ssl.webflow.com/6408bea3de5aef58b7e197d4/644bbea91a3d2428881f65eb_planet-icon.svg]
[uploads-ssl.webflow.com/6408bea3de5aef58b7e197d4/644bbea81be5d568d06ca6c8_galaxy-icon.svg]
[uploads-ssl.webflow.com/6408bea3de5aef58b7e197d4/64235c57486f09ccaea9a314_cosmos-listing-image.png]
[uploads-ssl.webflow.com/6408bea3de5aef58b7e197d4/64236052214c092ed140af15_1954699 1.png]
[uploads-ssl.webflow.com/6408bea3de5aef58b7e197d4/642360528a57127eb44f43da_nwld-composite-green-comet-mh 1.png]
[uploads-ssl.webflow.com/6408bea3de5aef58b7e197d4/644bcd6537653a047223f0a7_star-1.png]
[uploads-ssl.webflow.com/6408bea3de5aef58b7e197d4/646d1aa026c4941c3a73d5ca_star.png]
[uploads-ssl.webflow.com/6408bea3de5aef58b7e197d4/646d1ab8541c24198201b9f0_star-2.png]
[uploads-ssl.webflow.com/6408bea3de5aef58b7e197d4/644bcd64eef35cf3de35eefa_planet-2.png]
[uploads-ssl.webflow.com/6408bea3de5aef58b7e197d4/644bcd637bce78f5dfbe8a6b_planet-1.png]
[uploads-ssl.webflow.com/6408bea3de5aef58b7e197d4/644bcd64cbe59b7b90372eac_planet-3.png]
[uploads-ssl.webflow.com/6408bea3de5aef58b7e197d4/646d1ad26dfedaa6c4a32765_galaxy-2.png]
[uploads-ssl.webflow.com/6408bea3de5aef58b7e197d4/644bcd65c8da4770f752e3a9_galaxy-2.png]
[uploads-ssl.webflow.com/6408bea3de5aef58b7e197d4/646d1ade221a54611adcf12f_galaxy-1.png]
[uploads-ssl.webflow.com/6408bea3de5aef58b7e197d4/64236a55486f09c5a2aaa432_002-satellite.svg]
[uploads-ssl.webflow.com/6408bea3de5aef58b7e197d4/64236a554a59672346001d30_013-moon.svg]
[uploads-ssl.webflow.com/6408bea3de5aef58b7e197d4/64236a55ee3c86b42c5bd08f_014-rocket.svg]
[uploads-ssl.webflow.com/6408bea3de5aef58b7e197d4/64236a55a22a5722361e82f0_019-telescope.svg]
[uploads-ssl.webflow.com/6408bea3de5aef58b7e197d4/642369274a59679283000da7_004-alien.svg]
[uploads-ssl.webflow.com/6408bea3de5aef58b7e197d4/64236b6417279173d2bb47c2_galaxy-image.jpg]
[uploads-ssl.webflow.com/6408bea3de5aef58b7e197d4/64236dd9f2ab76333ae742af_reset-icon.svg]
[uploads-ssl.webflow.com/6408bea3de5aef58b7e197d4/6419fcf201b63d6924fe2cac_genius-cursor.png]
[uploads-ssl.webflow.com/6408bea3de5aef58b7e197d4/6419fcf201b63da170fe2cba_genius-outter.svg]
[uploads-ssl.webflow.com/6408bea3de5aef58b7e197d4/6441a6c1e174f567c15387cd_pizza-planet.png]
[uploads-ssl.webflow.com/6408bea3de5aef58b7e197d4/64469deb789363c096c5d8de_Vector.png]
[uploads-ssl.webflow.com/6408bea3de5aef58b7e197d4/64469e98c7172eecb01ec049_planet.png]
[uploads-ssl.webflow.com/6408bea3de5aef58b7e197d4/6445395b0a2c092448da7715_ufo2-icon.svg]
[uploads-ssl.webflow.com/6408bea3de5aef58b7e197d4/646527d28de0488c8bd0cd09_ui-ai-metal-icon.png]
[uploads-ssl.webflow.com/6408bea3de5aef58b7e197d4/643ee6eb7ed55717a29abfe2_genius-logo.png]
[uploads-ssl.webflow.com/6408bea3de5aef58b7e197d4/64406f947a298e55fac44186_draggable-dots-icon.svg]
[uploads-ssl.webflow.com/6408bea3de5aef58b7e197d4/6440e7e1e3f8a1dfd45de556_9a0006fa-613e-49e8-8084-2122aef97abc 1.png]
[uploads-ssl.webflow.com/6408bea3de5aef58b7e197d4/6440e7f771a6697f8137238e_28218545-21af-45f8-bf6e-0aff9c3fdaf6 1.png]
[uploads-ssl.webflow.com/6408bea3de5aef58b7e197d4/6440d80e96d2a5372e80bb14_arrow.svg]
[uploads-ssl.webflow.com/6408bea3de5aef58b7e197d4/646b994a4bb713c74288bf26_0.png]
[uploads-ssl.webflow.com/6408bea3de5aef58b7e197d4/646b9948f6907682fc3d76eb_1.png]
[uploads-ssl.webflow.com/6408bea3de5aef58b7e197d4/646b994866a224250d5f6334_2.png]
[uploads-ssl.webflow.com/6408bea3de5aef58b7e197d4/646b994828148ceff9a81c6e_3.png]
[uploads-ssl.webflow.com/6408bea3de5aef58b7e197d4/646b9948c1168b2c03983226_4.png]
[uploads-ssl.webflow.com/6408bea3de5aef58b7e197d4/646b994840d8abf1efa7a32e_5.png]
[uploads-ssl.webflow.com/6408bea3de5aef58b7e197d4/646b99481027318e84bbc693_6.png]
[uploads-ssl.webflow.com/6408bea3de5aef58b7e197d4/646b994825f4486551c9a010_7.png]
[uploads-ssl.webflow.com/6408bea3de5aef58b7e197d4/646b9949fa0465eaa484043f_8.png]
[uploads-ssl.webflow.com/6408bea3de5aef58b7e197d4/646528d00e2be7f623532060_automator-logo.svg]
[uploads-ssl.webflow.com/6408bea3de5aef58b7e197d4/64092260de5aef5a83e84d0d_automator-icon.svg]
[uploads-ssl.webflow.com/6408bea3de5aef58b7e197d4/644a9a41a7e67b37ba86e722_automator-logo.png]
[uploads-ssl.webflow.com/6408bea3de5aef58b7e197d4/644a9e5e326b463a47b120d8_settings-icon.svg]
[uploads-ssl.webflow.com/6408bea3de5aef58b7e197d4/644fded000dc602c8c4dd6f7_couch.jpg]
[uploads-ssl.webflow.com/6408bea3de5aef58b7e197d4/644fddbb1a75421370e3a3f4_console.png]
[uploads-ssl.webflow.com/6408bea3de5aef58b7e197d4/644ab3e3b4060d6f23dd5d27_Rectangle-1.jpg]
[uploads-ssl.webflow.com/6408bea3de5aef58b7e197d4/644fdb0cf3cc28c0ecf7d7cb_chair.png]
[uploads-ssl.webflow.com/6408bea3de5aef58b7e197d4/644ab3e5ff37a06efaf1cb28_jose-losada-9dRBM8Qw2TE-unsplash.jpg]
[uploads-ssl.webflow.com/6408bea3de5aef58b7e197d4/6450135dceb6f620e497501b_robot.svg]
[uploads-ssl.webflow.com/6408bea3de5aef58b7e197d4/6450135e1bef6b3f348fc6b4_sunrise.svg]
[uploads-ssl.webflow.com/6408bea3de5aef58b7e197d4/64500f643c93750ea8ea9fcf_settings-icon.svg]
[uploads-ssl.webflow.com/6408bea3de5aef58b7e197d4/6450135b081087ff042e13a8_flower.svg]
[uploads-ssl.webflow.com/6408bea3de5aef58b7e197d4/6450135a87da223596de91f0_cat.svg]
[uploads-ssl.webflow.com/6408bea3de5aef58b7e197d4/6450135b87da22c29ede91f8_film.svg]
[uploads-ssl.webflow.com/6408bea3de5aef58b7e197d4/6450135d3c93755ea8ead040_party.svg]
[uploads-ssl.webflow.com/6408bea3de5aef58b7e197d4/6450135adb20bfd0b7f486b2_bug.svg]
[uploads-ssl.webflow.com/6408bea3de5aef58b7e197d4/645013591993b998b906dd6e_apps.svg]
[uploads-ssl.webflow.com/6408bea3de5aef58b7e197d4/645013599cb6da3ecd0c8bf3_annotation-dots.svg]
[uploads-ssl.webflow.com/6408bea3de5aef58b7e197d4/64513a817344df127241371f_bridge.jpg]
[uploads-ssl.webflow.com/6408bea3de5aef58b7e197d4/645accad10d494052d2be1ab_selection.svg]
[uploads-ssl.webflow.com/6408bea3de5aef58b7e197d4/645accadc1df3d680d411445_for-each.svg]
[uploads-ssl.webflow.com/6408bea3de5aef58b7e197d4/646bf8c95d0111b86f50a955_finger-tap.svg]
[uploads-ssl.webflow.com/6408bea3de5aef58b7e197d4/645aea301b508a4dc74f87e4_image.svg]
[uploads-ssl.webflow.com/6408bea3de5aef58b7e197d4/645c0f508773549c6241fbd5_twitter.svg]
[uploads-ssl.webflow.com/6408bea3de5aef58b7e197d4/645c22213ca2d10e2a9f72f6_twitter-2.svg]
[uploads-ssl.webflow.com/6408bea3de5aef58b7e197d4/645c0f50cfed4d05ce0bd352_netflix.svg]
[uploads-ssl.webflow.com/6408bea3de5aef58b7e197d4/645c279bcdf6feccce5088c0_netflix.svg]
[uploads-ssl.webflow.com/6408bea3de5aef58b7e197d4/645c0f50156b7fff1edb877c_robinhood.svg]
[uploads-ssl.webflow.com/6408bea3de5aef58b7e197d4/645c279b5ddb0d1dac80c5c5_robinhood.svg]
[uploads-ssl.webflow.com/6408bea3de5aef58b7e197d4/645c0f4f516edc05ee29cf31_meta.svg]
[uploads-ssl.webflow.com/6408bea3de5aef58b7e197d4/645c279a3ad5fb5cfe038e5d_meta.svg]
[uploads-ssl.webflow.com/6408bea3de5aef58b7e197d4/645c0f4fe545fe3260b307a1_cash-app.svg]
[uploads-ssl.webflow.com/6408bea3de5aef58b7e197d4/645c279a4ce6621e6d8ee558_cash-app.svg]
[uploads-ssl.webflow.com/6408bea3de5aef58b7e197d4/645c0f51ab1965529c2691ba_snapchat.svg]
[uploads-ssl.webflow.com/6408bea3de5aef58b7e197d4/645c279bca7a7f61c9039aed_snapchat.svg]
[uploads-ssl.webflow.com/6408bea3de5aef58b7e197d4/645c0f509a1a3cf0dbdd8566_reddit.svg]
[uploads-ssl.webflow.com/6408bea3de5aef58b7e197d4/645c2f800b4145d03ec88b79_reddit.svg]
[uploads-ssl.webflow.com/6408bea3de5aef58b7e197d4/645aaa73d2374c63a33f3b6c_638f8a27496eda3669ca64f9_download-3.jpg]
[uploads-ssl.webflow.com/6408bea3de5aef58b7e197d4/645a9fa1cda2e003c6acb16c_download-6.jpg]
[uploads-ssl.webflow.com/6408bea3de5aef58b7e197d4/645a9fa1cda2e05ddbacb175_avi.png]
[uploads-ssl.webflow.com/6408bea3de5aef58b7e197d4/645aab6c3082e7d7103b59ed_638f90ad6bd6467567de7cf9_kZ_A1QYGoql40ADXu1rA4GGERn9SzyIGjud-npn0ckc.jpg]
[uploads-ssl.webflow.com/6408bea3de5aef58b7e197d4/646d1b2f86628f1733ea3f25_automator-user-2.jpg]
[uploads-ssl.webflow.com/6408bea3de5aef58b7e197d4/646d1796f9db5f5aadb03704_automator-user.jpg]
[uploads-ssl.webflow.com/6408bea3de5aef58b7e197d4/64092260b1a89927bac783ed_ui-ai-icon.svg]
[uploads-ssl.webflow.com/6408bea3de5aef58b7e197d4/645d2e7f89f63821c318b4e3_ui-ai-tag.svg]
[uploads-ssl.webflow.com/6408bea3de5aef58b7e197d4/645d2e7ef73d9db4f5322969_ui-ai-tag-1.svg]
[uploads-ssl.webflow.com/6408bea3de5aef58b7e197d4/645d2e7f47013fe6d7752732_ui-ai-tag-2.svg]
[uploads-ssl.webflow.com/6408bea3de5aef58b7e197d4/645d2e7f28f43ef1462c72c2_ui-ai-tag-3.svg]
[uploads-ssl.webflow.com/6408bea3de5aef58b7e197d4/645d6a98e0df9d163f108c93_emoji-1.png]
[uploads-ssl.webflow.com/6408bea3de5aef58b7e197d4/645d6a98d8373cf9c1ce1a6f_emoji-7.png]
[uploads-ssl.webflow.com/6408bea3de5aef58b7e197d4/645d7add8db87a42878a27fb_emoji-1.png]
[uploads-ssl.webflow.com/6408bea3de5aef58b7e197d4/6466d5d2cc93f056523a6797_Aa-1.png]
[uploads-ssl.webflow.com/6408bea3de5aef58b7e197d4/6466d5d2cc93f056523a67bd_Aa-2.png]
[uploads-ssl.webflow.com/6408bea3de5aef58b7e197d4/645d6a99b691b4e4a196cee2_emoji-4.png]
[uploads-ssl.webflow.com/6408bea3de5aef58b7e197d4/6466e128c93822bca8eeb39f_kart.png]
[uploads-ssl.webflow.com/6408bea3de5aef58b7e197d4/6466e1292fb0da75d5ffebb5_wolf.png]
[uploads-ssl.webflow.com/6408bea3de5aef58b7e197d4/6466e1286cfd39b21cb7ada1_NY.png]
[uploads-ssl.webflow.com/6408bea3de5aef58b7e197d4/6466c68d559fcfb1554fb156_grid-icon.svg]
[uploads-ssl.webflow.com/6408bea3de5aef58b7e197d4/645d2360a232c66610ef06b3_ui-ai-tag.svg]
[uploads-ssl.webflow.com/6408bea3de5aef58b7e197d4/646414aaa24b3bbe13193260_dog-surfboard.png]
[uploads-ssl.webflow.com/6408bea3de5aef58b7e197d4/6463e841a077e3fcec04f93d_emoji-img.png]
[uploads-ssl.webflow.com/6408bea3de5aef58b7e197d4/6463f98737b7971816f2f80d_scary.jpg]
[uploads-ssl.webflow.com/6408bea3de5aef58b7e197d4/6463fb75cba6cda4ed19c632_button-img.png]
[uploads-ssl.webflow.com/6408bea3de5aef58b7e197d4/6463d87513a81f90875d824f_folder-top.png]
[uploads-ssl.webflow.com/6408bea3de5aef58b7e197d4/6463d87513a81f90875d824a_folder-bottom.png]
[uploads-ssl.webflow.com/6408bea3de5aef58b7e197d4/6463d87513a81f90875d8249_logo.svg]
[uploads-ssl.webflow.com/6408bea3de5aef58b7e197d4/645d3dc2b6fa65f6cfc591db_dog-surfing-6.svg]
[uploads-ssl.webflow.com/6408bea3de5aef58b7e197d4/645d3dc2edbeeb6aa0f482e3_dog-surfing-3.svg]
[uploads-ssl.webflow.com/6408bea3de5aef58b7e197d4/645d3dc2a0142cf1d63ae197_dog-surfing.svg]
[uploads-ssl.webflow.com/6408bea3de5aef58b7e197d4/645d3dc67b3b815ec37ae0e3_dog-surfing-7.svg]
[uploads-ssl.webflow.com/6408bea3de5aef58b7e197d4/645d6a990493e07f43863a07_emoji-3.png]
[uploads-ssl.webflow.com/6408bea3de5aef58b7e197d4/645d6a9a6881ba8c7f6652d6_emoji-5.png]
[uploads-ssl.webflow.com/6408bea3de5aef58b7e197d4/645d6a9a3081f95e710b6fa4_emoji-6.png]
[uploads-ssl.webflow.com/6408bea3de5aef58b7e197d4/645d6a9937163bb625a47e9b_emoji.png]
[uploads-ssl.webflow.com/6408bea3de5aef58b7e197d4/645d6a9935ea80b88541c56a_Group 25.png]
[uploads-ssl.webflow.com/6408bea3de5aef58b7e197d4/645d6a98c32a707bfeb5dea4_emoji-2.png]
[uploads-ssl.webflow.com/6408bea3de5aef58b7e197d4/645d6a9b3c2619a6a0dfd7fa_emoji-8.png]
[uploads-ssl.webflow.com/6408bea3de5aef58b7e197d4/645d7ade6667b3f05d0422be_emoji.png]
[uploads-ssl.webflow.com/6408bea3de5aef58b7e197d4/645d7addf24cbb4e6faf46f5_emoji-3.png]
[uploads-ssl.webflow.com/6408bea3de5aef58b7e197d4/645d7adea101ba64c40cce84_emoji-2.png]
[uploads-ssl.webflow.com/6408bea3de5aef58b7e197d4/645d7ade88586d8f6c09de13_emoji-4.png]
[uploads-ssl.webflow.com/6408bea3de5aef58b7e197d4/645d7adebda1a9b55c584f4d_emoji-5.png]
[uploads-ssl.webflow.com/6408bea3de5aef58b7e197d4/6463f3234df091d23f47ee71_font-01.svg]
[uploads-ssl.webflow.com/6408bea3de5aef58b7e197d4/6463f3247863d620bcc50c22_font-02.svg]
[uploads-ssl.webflow.com/6408bea3de5aef58b7e197d4/6463f32474045cc8c22bcdfc_font-03.svg]
[uploads-ssl.webflow.com/6408bea3de5aef58b7e197d4/6463f324e464fca6aa19f424_font-04.svg]
[uploads-ssl.webflow.com/6408bea3de5aef58b7e197d4/6463f3249b22dd928040e057_font-05.svg]
[uploads-ssl.webflow.com/6408bea3de5aef58b7e197d4/6463f324a3bae890ec9ea9bd_font-06.svg]
[uploads-ssl.webflow.com/6408bea3de5aef58b7e197d4/6463f324a3bae890ec9ea9b8_font-07.svg]
[uploads-ssl.webflow.com/6408bea3de5aef58b7e197d4/6463f32446fdcbe10b94fe81_font-08.svg]
[uploads-ssl.webflow.com/6408bea3de5aef58b7e197d4/6463f3243c24d7d7ad71a3e4_font-09.svg]
[uploads-ssl.webflow.com/6408bea3de5aef58b7e197d4/6463f324e464fca6aa19f489_font-10.svg]
[uploads-ssl.webflow.com/6408bea3de5aef58b7e197d4/6463f325658f72bc7523c3f4_font-11.svg]
[uploads-ssl.webflow.com/6408bea3de5aef58b7e197d4/6463f325b3876e287142560c_font-12.svg]
[uploads-ssl.webflow.com/6408bea3de5aef58b7e197d4/6463f32546fdcbe10b94ff93_font-13.svg]
[uploads-ssl.webflow.com/6408bea3de5aef58b7e197d4/6463f3258af6a418eb726e79_font-14.svg]
[uploads-ssl.webflow.com/6408bea3de5aef58b7e197d4/6463f3254df091d23f47f002_font-15.svg]
[uploads-ssl.webflow.com/6408bea3de5aef58b7e197d4/6463f32574045cc8c22bd038_font-16.svg]
[uploads-ssl.webflow.com/6408bea3de5aef58b7e197d4/6463f3258af6a418eb726e7e_font-17.svg]
[uploads-ssl.webflow.com/6408bea3de5aef58b7e197d4/6463f325b5abb4d10ae352f9_font-18.svg]
[uploads-ssl.webflow.com/6408bea3de5aef58b7e197d4/6463f327658f72bc7523c4f2_font-19.svg]
[uploads-ssl.webflow.com/6408bea3de5aef58b7e197d4/6463f327b3876e2871425725_font-20.svg]
[uploads-ssl.webflow.com/6408bea3de5aef58b7e197d4/6463f3258669e0cdc777a71a_font-21.svg]
[uploads-ssl.webflow.com/6408bea3de5aef58b7e197d4/6463f32637b7971816eb3573_font-22.svg]
[uploads-ssl.webflow.com/6408bea3de5aef58b7e197d4/6463f3273c24d7d7ad71a5a8_font-23.svg]
[uploads-ssl.webflow.com/6408bea3de5aef58b7e197d4/6463f326789829ed920b0c59_font-24.svg]
[uploads-ssl.webflow.com/6408bea3de5aef58b7e197d4/6463f327a1a24795437035fb_font-25.svg]
[uploads-ssl.webflow.com/6408bea3de5aef58b7e197d4/6463f326cc184487dbb210a1_font-26.svg]
[uploads-ssl.webflow.com/6408bea3de5aef58b7e197d4/6463f327747575a0169b3d1b_font-27.svg]
[uploads-ssl.webflow.com/6408bea3de5aef58b7e197d4/6463f327b1caf6c46fee0b63_font-28.svg]
[uploads-ssl.webflow.com/6408bea3de5aef58b7e197d4/6463f3275d95b1527ccc738e_font-29.svg]
[uploads-ssl.webflow.com/6408bea3de5aef58b7e197d4/6463f327a3bae890ec9eae0b_font-30.svg]
[uploads-ssl.webflow.com/6408bea3de5aef58b7e197d4/6463f328e564a2074e3baaf2_font-31.svg]
[uploads-ssl.webflow.com/6408bea3de5aef58b7e197d4/6463f328b3876e2871425824_font-32.svg]
[uploads-ssl.webflow.com/6408bea3de5aef58b7e197d4/6463f3287863d620bcc510c2_font-33.svg]
[uploads-ssl.webflow.com/6408bea3de5aef58b7e197d4/6463f328298923df99bd055f_font-34.svg]
[uploads-ssl.webflow.com/6408bea3de5aef58b7e197d4/6463f328a3bae890ec9eaf2f_font-35.svg]
[uploads-ssl.webflow.com/6408bea3de5aef58b7e197d4/6463cb03f6fcceda46cdf645_green-blob.png]
[uploads-ssl.webflow.com/6408bea3de5aef58b7e197d4/6463cb03f6fcceda46cdf61f_yellow-blob.png]
[uploads-ssl.webflow.com/6408bea3de5aef58b7e197d4/6463cb04dc7051de7f6399ab_purple-blob.png]
[uploads-ssl.webflow.com/6408bea3de5aef58b7e197d4/6463cb05a7cd01f19a17ccc9_blue-blob.png]
[diagram.com/privacy]
[diagram.com/terms]
[uploads-ssl.webflow.com/6408bea3de5aef58b7e197d4/646d1f00d9d8faf3f080fe7f_twitter-icon.svg]
[uploads-ssl.webflow.com/6408bea3de5aef58b7e197d4/646d1f00c3223475b708e959_discord-icon.svg]
[uploads-ssl.webflow.com/6408bea3de5aef58b7e197d4/646d1f0026c4941c3a789671_instagram-icon.svg]
[uploads-ssl.webflow.com/6408bea3de5aef58b7e197d4/646d4d2680dab2a392420fbb_diagram-footer.png]
[uploads-ssl.webflow.com/6408bea3de5aef58b7e197d4/64092af2e77edc853d45bb87_twitter-icon.svg]
[uploads-ssl.webflow.com/6408bea3de5aef58b7e197d4/64092af2d8cc0c4174faa9f4_discord-icon.svg]
[uploads-ssl.webflow.com/6408bea3de5aef58b7e197d4/64092af2e34be91b538baf08_ig-icon.svg]
[d3e54v103j8qbb.cloudfront.net/js/jquery-3.5.1.min.dc5e7f18c8df2d.js]
[uploads-ssl.webflow.com/6408bea3de5aef58b7e197d4/js/webflow.9380d4e2b.js]
[bevacqua.github.io/dragula/dist/dragula.js]
[cdn.jsdelivr.net/particles.js/2.0.0/particles.min.js]
[diagram.com/GET.166.delayed]
[diagram.com/Error pJS - No image.src]
[diagram.com/index.html]
[diagram.com/favicon.ico]
[diagram.com/_next/static/chunks/669-43732ebb566df55a.js]
[diagram.com/_next/static/chunks/pages/login-6e81b1d781f90e9d.js]
[diagram.com/login]
[diagram.com/_next/static/chunks/617-4d6d2f37aa5fa8e4.js]
[diagram.com/_next/static/chunks/pages/privacy-1ec3ede25ab0cef1.js]
[diagram.com/privacy]
[diagram.com/_next/static/chunks/pages/terms-3b00285e87626955.js]
[diagram.com/terms]
[diagram.com/404]
[uploads-ssl.webflow.com/6408bea3de5aef58b7e197d4/css/diagramwf.webflow.ba08e8b0a.min.css]
[bevacqua.github.io/dragula/dist/dragula.css]
[uploads-ssl.webflow.com/6408bea3de5aef58b7e197d4/6408c50680c7dae0a89901a1_logo.svg]
[uploads-ssl.webflow.com/6408bea3de5aef58b7e197d4/6408cd7b889404bb5613ba29_diagram-logo.svg]
[uploads-ssl.webflow.com/6408bea3de5aef58b7e197d4/6408d1f2e05890a734fab55c_diagram-planet.svg]
[uploads-ssl.webflow.com/6408bea3de5aef58b7e197d4/64092187ef5f2a2bda3abc21_magician-icon.svg]
[uploads-ssl.webflow.com/6408bea3de5aef58b7e197d4/6418f6e0109266f276d32960_stars.svg]
[uploads-ssl.webflow.com/6408bea3de5aef58b7e197d4/646bae325e19410d8297d18d_magic-app-wand.svg]
[uploads-ssl.webflow.com/6408bea3de5aef58b7e197d4/641b699fd16746c6845bcb33_magic-icon-icon.svg]
[uploads-ssl.webflow.com/6408bea3de5aef58b7e197d4/646bae31b9a1c725f1c986dd_magic-app-hats.svg]
[uploads-ssl.webflow.com/6408bea3de5aef58b7e197d4/646bae32c70d0adb5a08acbd_magic-app-spellbooks.svg]
[uploads-ssl.webflow.com/6408bea3de5aef58b7e197d4/646bae763694a2f210c9f6a7_magic-app-cards.svg]
[uploads-ssl.webflow.com/6408bea3de5aef58b7e197d4/64123c0fe6400449a82646ea_magic-image-icon.svg]
[uploads-ssl.webflow.com/6408bea3de5aef58b7e197d4/64235df7a22a5738601da183_cosmo-star-rating-icon.svg]
[uploads-ssl.webflow.com/6408bea3de5aef58b7e197d4/641216acdd7b9d4820493809_✨ basketball.svg]
[uploads-ssl.webflow.com/6408bea3de5aef58b7e197d4/641216acc6ee883fa620a3be_✨ music note.svg]
[uploads-ssl.webflow.com/6408bea3de5aef58b7e197d4/641216ac36b4eb19a211479c_✨ dog riding surfboard.svg]
[uploads-ssl.webflow.com/6408bea3de5aef58b7e197d4/641216ad394f80dd19dc5744_✨ traffic cone simple.svg]
[uploads-ssl.webflow.com/6408bea3de5aef58b7e197d4/641216ad51944257e5f21e6f_✨ slice of pizza.svg]
[uploads-ssl.webflow.com/6408bea3de5aef58b7e197d4/641216acd18040492610802f_✨ mario portrait.svg]
[uploads-ssl.webflow.com/6408bea3de5aef58b7e197d4/641216add18040b8f6108030_✨ pencil.svg]
[uploads-ssl.webflow.com/6408bea3de5aef58b7e197d4/6411f9225228f4ba089bf889_wizard with binoculars-1.svg]
[uploads-ssl.webflow.com/6408bea3de5aef58b7e197d4/641216ac504eb83f4f4885be_✨ mountain.svg]
[uploads-ssl.webflow.com/6408bea3de5aef58b7e197d4/641216ad5194427dc3f21e55_✨ nike shoes.svg]
[uploads-ssl.webflow.com/6408bea3de5aef58b7e197d4/641216ae0ba06e07afcc6f5b_✨ steve jobss portrait.svg]
[uploads-ssl.webflow.com/6408bea3de5aef58b7e197d4/641216ac0d10fa4b79f3bda9_✨ game controller.svg]
[uploads-ssl.webflow.com/6408bea3de5aef58b7e197d4/641216ad15bc90537a2fd6fb_✨ planet.svg]
[uploads-ssl.webflow.com/6408bea3de5aef58b7e197d4/641216ac464b2e28d5941f45_✨ castle.svg]
[uploads-ssl.webflow.com/6408bea3de5aef58b7e197d4/641216add6b84398102d7341_✨ watch.svg]
[uploads-ssl.webflow.com/6408bea3de5aef58b7e197d4/641216ac03b6add236dab63b_✨ beyoncee.svg]
[uploads-ssl.webflow.com/6408bea3de5aef58b7e197d4/641216ad15bc90503b2fd6fc_wizard with binoculars.svg]
[uploads-ssl.webflow.com/6408bea3de5aef58b7e197d4/641216acd4e33e6535da4238_✨ lobster.svg]
[uploads-ssl.webflow.com/6408bea3de5aef58b7e197d4/641216acdd7b9d089f493808_✨ happy cat.svg]
[uploads-ssl.webflow.com/6408bea3de5aef58b7e197d4/641216ac6d492c5410bc7cdd_✨ lipstick.svg]
[uploads-ssl.webflow.com/6408bea3de5aef58b7e197d4/641216ad6d492c4a2abc7cef_✨ ufo.svg]
[uploads-ssl.webflow.com/6408bea3de5aef58b7e197d4/641216ad3b076a8eaffa1318_wizard looking through binoculars.svg]
[uploads-ssl.webflow.com/6408bea3de5aef58b7e197d4/641b49da2de1641a4a866a9f_✨ astronaut with palm tree.svg]
[uploads-ssl.webflow.com/6408bea3de5aef58b7e197d4/6412537be41c11523b118a34_It’s magical..svg]
[uploads-ssl.webflow.com/6408bea3de5aef58b7e197d4/6411427cc858d99cbbb3f9fc_book-outline.svg]
[uploads-ssl.webflow.com/6408bea3de5aef58b7e197d4/6411468123a773394d67788a_􀫸.svg]
[uploads-ssl.webflow.com/6408bea3de5aef58b7e197d4/6414a92b5e072eaec68c764e_figma-frame-icon.svg]
[uploads-ssl.webflow.com/6408bea3de5aef58b7e197d4/64652a8b3744d5aed611ddd9_genius-header-logo.svg]
[uploads-ssl.webflow.com/6408bea3de5aef58b7e197d4/640921b8083a0443cf83c611_genius-icon.svg]
[uploads-ssl.webflow.com/6408bea3de5aef58b7e197d4/6421f254ecc951778422a882_planet-gray.svg]
[uploads-ssl.webflow.com/6408bea3de5aef58b7e197d4/6410e00fbfe8ed7a011640d8_planet-blue.svg]
[uploads-ssl.webflow.com/6408bea3de5aef58b7e197d4/641cc2f93287d140e901334d_genius-icon.svg]
[uploads-ssl.webflow.com/6408bea3de5aef58b7e197d4/6423561c45a6d5c3d206cf66_magnify-glass.svg]
[d3e54v103j8qbb.cloudfront.net/js/jquery-3.5.1.min.dc5e7f18c8df2d.js]
[uploads-ssl.webflow.com/6408bea3de5aef58b7e197d4/6423579fee3c86ec985a791a_001-comet.svg]
[uploads-ssl.webflow.com/6408bea3de5aef58b7e197d4/644bbea812ed4bfd26084e4c_stars-icon.svg]
[uploads-ssl.webflow.com/6408bea3de5aef58b7e197d4/644bbea91a3d2428881f65eb_planet-icon.svg]
[uploads-ssl.webflow.com/6408bea3de5aef58b7e197d4/644bbea81be5d568d06ca6c8_galaxy-icon.svg]
[diagram.com/_next/static/chunks/617-4d6d2f37aa5fa8e4.js]
[uploads-ssl.webflow.com/6408bea3de5aef58b7e197d4/64236a55486f09c5a2aaa432_002-satellite.svg]
[uploads-ssl.webflow.com/6408bea3de5aef58b7e197d4/64236a554a59672346001d30_013-moon.svg]
[uploads-ssl.webflow.com/6408bea3de5aef58b7e197d4/64236a55ee3c86b42c5bd08f_014-rocket.svg]
[uploads-ssl.webflow.com/6408bea3de5aef58b7e197d4/64236a55a22a5722361e82f0_019-telescope.svg]
[uploads-ssl.webflow.com/6408bea3de5aef58b7e197d4/642369274a59679283000da7_004-alien.svg]
[uploads-ssl.webflow.com/6408bea3de5aef58b7e197d4/64236dd9f2ab76333ae742af_reset-icon.svg]
[uploads-ssl.webflow.com/6408bea3de5aef58b7e197d4/6419fcf201b63da170fe2cba_genius-outter.svg]
[uploads-ssl.webflow.com/6408bea3de5aef58b7e197d4/6419fcf201b63d8999fe2cb9_genius-center.svg]
[uploads-ssl.webflow.com/6408bea3de5aef58b7e197d4/6441c8fa26c853436ec2fd19_tap-icon.svg]
[uploads-ssl.webflow.com/6408bea3de5aef58b7e197d4/6446db6058d2849d51f2e3c8_rocket.svg]
[uploads-ssl.webflow.com/6408bea3de5aef58b7e197d4/6446a99f20bb15a3f91a6ccb_ds-checkmark-icon.svg]
[uploads-ssl.webflow.com/6408bea3de5aef58b7e197d4/644977d78c3ec240dff75184_randomize-icon.svg]
[uploads-ssl.webflow.com/6408bea3de5aef58b7e197d4/6445395ce83dafa65d3fa8d6_telescope-icon.svg]
[uploads-ssl.webflow.com/6408bea3de5aef58b7e197d4/6445395be1685dd88906fc96_planet-icon.svg]
[uploads-ssl.webflow.com/6408bea3de5aef58b7e197d4/6445395b61fa11637dcae88c_ufo1-icon.svg]
[uploads-ssl.webflow.com/6408bea3de5aef58b7e197d4/6445395bb850974eed13ecfa_alien-icon.svg]
[uploads-ssl.webflow.com/6408bea3de5aef58b7e197d4/6445395b0a2c092448da7715_ufo2-icon.svg]
[uploads-ssl.webflow.com/6408bea3de5aef58b7e197d4/64406f947a298e55fac44186_draggable-dots-icon.svg]
[uploads-ssl.webflow.com/6408bea3de5aef58b7e197d4/644094fdb2e862ee692e903d_plus.svg]
[uploads-ssl.webflow.com/6408bea3de5aef58b7e197d4/6440e573a34d273b51c85319_filters.svg]
[uploads-ssl.webflow.com/6408bea3de5aef58b7e197d4/6440e5744648de8cb1b8dd5e_search.svg]
[uploads-ssl.webflow.com/6408bea3de5aef58b7e197d4/6440d80e96d2a5372e80bb14_arrow.svg]
[uploads-ssl.webflow.com/6408bea3de5aef58b7e197d4/64402bbf6087aa5f139f1e39_arrow-up.svg]
[uploads-ssl.webflow.com/6408bea3de5aef58b7e197d4/644030e31c1ddb470e9eb5fe_chevron-right.svg]
[uploads-ssl.webflow.com/6408bea3de5aef58b7e197d4/646528d00e2be7f623532060_automator-logo.svg]
[uploads-ssl.webflow.com/6408bea3de5aef58b7e197d4/64092260de5aef5a83e84d0d_automator-icon.svg]
[uploads-ssl.webflow.com/6408bea3de5aef58b7e197d4/644a9e504e90a2afb6e37d51_close-icon.svg]
[uploads-ssl.webflow.com/6408bea3de5aef58b7e197d4/644a9e5e326b463a47b120d8_settings-icon.svg]
[uploads-ssl.webflow.com/6408bea3de5aef58b7e197d4/644a9e754e90a214e8e37f69_add-icon.svg]
[uploads-ssl.webflow.com/6408bea3de5aef58b7e197d4/644a9e5ed1bf133aed091b80_magnify-glass-icon.svg]
[uploads-ssl.webflow.com/6408bea3de5aef58b7e197d4/645013583ad53e3439426b94_announcement.svg]
[uploads-ssl.webflow.com/6408bea3de5aef58b7e197d4/6450135dceb6f620e497501b_robot.svg]
[uploads-ssl.webflow.com/6408bea3de5aef58b7e197d4/6450135d71a6a205d19a2938_ladder.svg]
[uploads-ssl.webflow.com/6408bea3de5aef58b7e197d4/6450135e1bef6b3f348fc6b4_sunrise.svg]
[uploads-ssl.webflow.com/6408bea3de5aef58b7e197d4/6450135cbf9ec07c82ef3b12_heart.svg]
[uploads-ssl.webflow.com/6408bea3de5aef58b7e197d4/6450135d6baead131e847688_polaroids.svg]
[uploads-ssl.webflow.com/6408bea3de5aef58b7e197d4/6450135df0a9b38b4680bc3a_plane-take-off.svg]
[uploads-ssl.webflow.com/6408bea3de5aef58b7e197d4/6450135aa732bb1a8b6f4887_books.svg]
[uploads-ssl.webflow.com/6408bea3de5aef58b7e197d4/6450135ab942567487d97723_boat.svg]
[uploads-ssl.webflow.com/6408bea3de5aef58b7e197d4/64500f643c93750ea8ea9fcf_settings-icon.svg]
[uploads-ssl.webflow.com/6408bea3de5aef58b7e197d4/6450135b081087ff042e13a8_flower.svg]
[uploads-ssl.webflow.com/6408bea3de5aef58b7e197d4/64501359ffa8d2bf97ddb485_beach-2.svg]
[uploads-ssl.webflow.com/6408bea3de5aef58b7e197d4/6450135bd43909453a2e4140_fire.svg]
[uploads-ssl.webflow.com/6408bea3de5aef58b7e197d4/6450135a87da223596de91f0_cat.svg]
[uploads-ssl.webflow.com/6408bea3de5aef58b7e197d4/6450135b87da22c29ede91f8_film.svg]
[uploads-ssl.webflow.com/6408bea3de5aef58b7e197d4/6450135bceb6f63acd974ffe_flowers.svg]
[uploads-ssl.webflow.com/6408bea3de5aef58b7e197d4/6450135ba21474b921b3607b_crown.svg]
[uploads-ssl.webflow.com/6408bea3de5aef58b7e197d4/6450135adf02bf59d665c45b_binoculars.svg]
[uploads-ssl.webflow.com/6408bea3de5aef58b7e197d4/6450135d3c93755ea8ead040_party.svg]
[uploads-ssl.webflow.com/6408bea3de5aef58b7e197d4/6450135bceb6f69aef974ffc_cherry.svg]
[uploads-ssl.webflow.com/6408bea3de5aef58b7e197d4/6450135cd4390987112e415e_helicopter.svg]
[uploads-ssl.webflow.com/6408bea3de5aef58b7e197d4/6450135d9cb6daeac00c8c1c_peace.svg]
[uploads-ssl.webflow.com/6408bea3de5aef58b7e197d4/6450135eb8c884c90c65c1b0_tooth.svg]
[uploads-ssl.webflow.com/6408bea3de5aef58b7e197d4/6450135e1d274509f4c64b10_wand.svg]
[uploads-ssl.webflow.com/6408bea3de5aef58b7e197d4/6450135e1b2c7b8045aa3763_speech-bubble-plus.svg]
[uploads-ssl.webflow.com/6408bea3de5aef58b7e197d4/6450135b3ad53e0415426bb8_fast-train.svg]
[uploads-ssl.webflow.com/6408bea3de5aef58b7e197d4/6450135acacbb9bb94292cc0_bicycle.svg]
[uploads-ssl.webflow.com/6408bea3de5aef58b7e197d4/6450135adb20bfd0b7f486b2_bug.svg]
[uploads-ssl.webflow.com/6408bea3de5aef58b7e197d4/6450135aae723c3fc021e150_bird.svg]
[uploads-ssl.webflow.com/6408bea3de5aef58b7e197d4/6450135b3c9375a1abead029_dog.svg]
[uploads-ssl.webflow.com/6408bea3de5aef58b7e197d4/645013593c93758257ead005_banana.svg]
[uploads-ssl.webflow.com/6408bea3de5aef58b7e197d4/6450135ec166401a33db9086_wind-power.svg]
[uploads-ssl.webflow.com/6408bea3de5aef58b7e197d4/6450135db8c884315765c1ac_planet.svg]
[uploads-ssl.webflow.com/6408bea3de5aef58b7e197d4/6450135bb729f5c2ad8dc234_deathstar.svg]
[uploads-ssl.webflow.com/6408bea3de5aef58b7e197d4/6450135a1993b9836106dd75_bridge.svg]
[uploads-ssl.webflow.com/6408bea3de5aef58b7e197d4/645013591bef6b16c88fc677_ball.svg]
[uploads-ssl.webflow.com/6408bea3de5aef58b7e197d4/6450135ad4390933d42e40e1_cable-car.svg]
[uploads-ssl.webflow.com/6408bea3de5aef58b7e197d4/6450135987da2209aade91c9_bank-note.svg]
[uploads-ssl.webflow.com/6408bea3de5aef58b7e197d4/6450135e3ad53e5458426bba_sticky-note.svg]
[uploads-ssl.webflow.com/6408bea3de5aef58b7e197d4/645013591993b998b906dd6e_apps.svg]
[uploads-ssl.webflow.com/6408bea3de5aef58b7e197d4/645013598697b846c5300d7f_avatar-square.svg]
[uploads-ssl.webflow.com/6408bea3de5aef58b7e197d4/6450135e03df5218e4e6c407_scroll.svg]
[uploads-ssl.webflow.com/6408bea3de5aef58b7e197d4/6450135d58baaf51e0d83f38_monitor.svg]
[uploads-ssl.webflow.com/6408bea3de5aef58b7e197d4/6450135dceb6f631ff975019_mug-2.svg]
[uploads-ssl.webflow.com/6408bea3de5aef58b7e197d4/6450135ddf02bf573b65c465_laptop-and-phone.svg]
[uploads-ssl.webflow.com/6408bea3de5aef58b7e197d4/6450135ab729f52c8e8dc22e_cake.svg]
[uploads-ssl.webflow.com/6408bea3de5aef58b7e197d4/645013599cb6da3ecd0c8bf3_annotation-dots.svg]
[uploads-ssl.webflow.com/6408bea3de5aef58b7e197d4/64513c77aaa09b456548159b_heart.svg]
[uploads-ssl.webflow.com/6408bea3de5aef58b7e197d4/645accadfdeda0269ed4868b_dropdown.svg]
[uploads-ssl.webflow.com/6408bea3de5aef58b7e197d4/645accad10d494052d2be1ab_selection.svg]
[uploads-ssl.webflow.com/6408bea3de5aef58b7e197d4/645accadc1df3d680d411445_for-each.svg]
[uploads-ssl.webflow.com/6408bea3de5aef58b7e197d4/645accad35731236f8f8c8c6_diamond.svg]
[uploads-ssl.webflow.com/6408bea3de5aef58b7e197d4/645aeea308fc36e66caa00a0_set-position.svg]
[uploads-ssl.webflow.com/6408bea3de5aef58b7e197d4/646bf8c95d0111b86f50a955_finger-tap.svg]
[uploads-ssl.webflow.com/6408bea3de5aef58b7e197d4/645ae7b4c112e0492b7164d0_ellipse.svg]
[uploads-ssl.webflow.com/6408bea3de5aef58b7e197d4/645aed2dccab572cd14e9bb0_frame.svg]
[uploads-ssl.webflow.com/6408bea3de5aef58b7e197d4/645aeee71b508a6357500c7e_shadow.svg]
[uploads-ssl.webflow.com/6408bea3de5aef58b7e197d4/645aecd561575245efe2fb65_boolean.svg]
[uploads-ssl.webflow.com/6408bea3de5aef58b7e197d4/645ae80163154f338a00939e_mask.svg]
[uploads-ssl.webflow.com/6408bea3de5aef58b7e197d4/645aea2a63154f4ab800c674_line.svg]
[uploads-ssl.webflow.com/6408bea3de5aef58b7e197d4/645ae7b41b508a7f444f4e2d_flatten.svg]
[uploads-ssl.webflow.com/6408bea3de5aef58b7e197d4/645ae7b4650f33361149acb7_page.svg]
[uploads-ssl.webflow.com/6408bea3de5aef58b7e197d4/645ae86e4a84d491064233f9_find.svg]
[uploads-ssl.webflow.com/6408bea3de5aef58b7e197d4/645aecd62a94a684a06bc103_text case.svg]
[uploads-ssl.webflow.com/6408bea3de5aef58b7e197d4/645ae7b406bdc3ed5dfed4aa_horizontal.svg]
[uploads-ssl.webflow.com/6408bea3de5aef58b7e197d4/645ae7b599ba34069814854c_vertical.svg]
[uploads-ssl.webflow.com/6408bea3de5aef58b7e197d4/645ae7b4615752feebe2b14b_detach.svg]
[uploads-ssl.webflow.com/6408bea3de5aef58b7e197d4/645aea301b508a4dc74f87e4_image.svg]
[uploads-ssl.webflow.com/6408bea3de5aef58b7e197d4/645ae7b448c80e3edfce6b0d_shadow.svg]
[uploads-ssl.webflow.com/6408bea3de5aef58b7e197d4/645ae96608fc366f8fa9a0d3_visibility.svg]
[uploads-ssl.webflow.com/6408bea3de5aef58b7e197d4/645ae96642ee120edc14da2e_rectangle.svg]
[uploads-ssl.webflow.com/6408bea3de5aef58b7e197d4/645aea4148c80ee21cceb2ca_lock.svg]
[uploads-ssl.webflow.com/6408bea3de5aef58b7e197d4/645aea414a84d4d3fd4253f5_eyedropper.svg]
[uploads-ssl.webflow.com/6408bea3de5aef58b7e197d4/645aecd508fc36833ca9e8ff_export.svg]
[uploads-ssl.webflow.com/6408bea3de5aef58b7e197d4/645c0f508773549c6241fbd5_twitter.svg]
[uploads-ssl.webflow.com/6408bea3de5aef58b7e197d4/645c22213ca2d10e2a9f72f6_twitter-2.svg]
[uploads-ssl.webflow.com/6408bea3de5aef58b7e197d4/645c0f50cfed4d05ce0bd352_netflix.svg]
[uploads-ssl.webflow.com/6408bea3de5aef58b7e197d4/645c279bcdf6feccce5088c0_netflix.svg]
[uploads-ssl.webflow.com/6408bea3de5aef58b7e197d4/645c0f50156b7fff1edb877c_robinhood.svg]
[uploads-ssl.webflow.com/6408bea3de5aef58b7e197d4/645c279b5ddb0d1dac80c5c5_robinhood.svg]
[uploads-ssl.webflow.com/6408bea3de5aef58b7e197d4/645c0f4f516edc05ee29cf31_meta.svg]
[uploads-ssl.webflow.com/6408bea3de5aef58b7e197d4/645c279a3ad5fb5cfe038e5d_meta.svg]
[uploads-ssl.webflow.com/6408bea3de5aef58b7e197d4/645c0f4fe545fe3260b307a1_cash-app.svg]
[uploads-ssl.webflow.com/6408bea3de5aef58b7e197d4/645c279a4ce6621e6d8ee558_cash-app.svg]
[uploads-ssl.webflow.com/6408bea3de5aef58b7e197d4/645c0f4fb38b9bc77a4361cf_doordash.svg]
[uploads-ssl.webflow.com/6408bea3de5aef58b7e197d4/645c279adfc4268921376784_doordash.svg]
[uploads-ssl.webflow.com/6408bea3de5aef58b7e197d4/645c0f4f5479753d0c5a67bf_instacart.svg]
[uploads-ssl.webflow.com/6408bea3de5aef58b7e197d4/645c279a3ad5fbae6c038e5c_instacart.svg]
[uploads-ssl.webflow.com/6408bea3de5aef58b7e197d4/645c0f51ab1965529c2691ba_snapchat.svg]
[uploads-ssl.webflow.com/6408bea3de5aef58b7e197d4/645c279bca7a7f61c9039aed_snapchat.svg]
[uploads-ssl.webflow.com/6408bea3de5aef58b7e197d4/645c0f509a1a3cf0dbdd8566_reddit.svg]
[uploads-ssl.webflow.com/6408bea3de5aef58b7e197d4/645c2f800b4145d03ec88b79_reddit.svg]
[uploads-ssl.webflow.com/6408bea3de5aef58b7e197d4/64092260b1a89927bac783ed_ui-ai-icon.svg]
[uploads-ssl.webflow.com/6408bea3de5aef58b7e197d4/645d2e7f89f63821c318b4e3_ui-ai-tag.svg]
[uploads-ssl.webflow.com/6408bea3de5aef58b7e197d4/645d2e7ef73d9db4f5322969_ui-ai-tag-1.svg]
[uploads-ssl.webflow.com/6408bea3de5aef58b7e197d4/645d2e7f47013fe6d7752732_ui-ai-tag-2.svg]
[uploads-ssl.webflow.com/6408bea3de5aef58b7e197d4/645d2e7f28f43ef1462c72c2_ui-ai-tag-3.svg]
[uploads-ssl.webflow.com/6408bea3de5aef58b7e197d4/6466c68d559fcfb1554fb156_grid-icon.svg]
[uploads-ssl.webflow.com/6408bea3de5aef58b7e197d4/6466c68ed6e5d60d4350c168_rows-icon.svg]
[uploads-ssl.webflow.com/6408bea3de5aef58b7e197d4/644540c36f4215a009e14d04_chevron-down-icon.svg]
[uploads-ssl.webflow.com/6408bea3de5aef58b7e197d4/645d2360a232c66610ef06b3_ui-ai-tag.svg]
[uploads-ssl.webflow.com/6408bea3de5aef58b7e197d4/6462b41224ce987d0e990fcb_ui-img-icon.svg]
[uploads-ssl.webflow.com/6408bea3de5aef58b7e197d4/6463b27f1c28386e247b74bc_close.svg]
[uploads-ssl.webflow.com/6408bea3de5aef58b7e197d4/6463d87513a81f90875d8249_logo.svg]
[uploads-ssl.webflow.com/6408bea3de5aef58b7e197d4/645d3dc2b6fa65f6cfc591db_dog-surfing-6.svg]
[uploads-ssl.webflow.com/6408bea3de5aef58b7e197d4/645d3dc2edbeeb6aa0f482e3_dog-surfing-3.svg]
[uploads-ssl.webflow.com/6408bea3de5aef58b7e197d4/645d3dc2a0142cf1d63ae197_dog-surfing.svg]
[uploads-ssl.webflow.com/6408bea3de5aef58b7e197d4/645d3dc67b3b815ec37ae0e3_dog-surfing-7.svg]
[uploads-ssl.webflow.com/6408bea3de5aef58b7e197d4/6463f3234df091d23f47ee71_font-01.svg]
[uploads-ssl.webflow.com/6408bea3de5aef58b7e197d4/6463f3247863d620bcc50c22_font-02.svg]
[uploads-ssl.webflow.com/6408bea3de5aef58b7e197d4/6463f32474045cc8c22bcdfc_font-03.svg]
[uploads-ssl.webflow.com/6408bea3de5aef58b7e197d4/6463f324e464fca6aa19f424_font-04.svg]
[uploads-ssl.webflow.com/6408bea3de5aef58b7e197d4/6463f3249b22dd928040e057_font-05.svg]
[uploads-ssl.webflow.com/6408bea3de5aef58b7e197d4/6463f324a3bae890ec9ea9bd_font-06.svg]
[uploads-ssl.webflow.com/6408bea3de5aef58b7e197d4/6463f324a3bae890ec9ea9b8_font-07.svg]
[uploads-ssl.webflow.com/6408bea3de5aef58b7e197d4/6463f32446fdcbe10b94fe81_font-08.svg]
[uploads-ssl.webflow.com/6408bea3de5aef58b7e197d4/6463f3243c24d7d7ad71a3e4_font-09.svg]
[uploads-ssl.webflow.com/6408bea3de5aef58b7e197d4/6463f324e464fca6aa19f489_font-10.svg]
[uploads-ssl.webflow.com/6408bea3de5aef58b7e197d4/6463f325658f72bc7523c3f4_font-11.svg]
[uploads-ssl.webflow.com/6408bea3de5aef58b7e197d4/6463f325b3876e287142560c_font-12.svg]
[uploads-ssl.webflow.com/6408bea3de5aef58b7e197d4/6463f32546fdcbe10b94ff93_font-13.svg]
[uploads-ssl.webflow.com/6408bea3de5aef58b7e197d4/6463f3258af6a418eb726e79_font-14.svg]
[uploads-ssl.webflow.com/6408bea3de5aef58b7e197d4/6463f3254df091d23f47f002_font-15.svg]
[uploads-ssl.webflow.com/6408bea3de5aef58b7e197d4/6463f32574045cc8c22bd038_font-16.svg]
[uploads-ssl.webflow.com/6408bea3de5aef58b7e197d4/6463f3258af6a418eb726e7e_font-17.svg]
[uploads-ssl.webflow.com/6408bea3de5aef58b7e197d4/6463f325b5abb4d10ae352f9_font-18.svg]
[uploads-ssl.webflow.com/6408bea3de5aef58b7e197d4/6463f327658f72bc7523c4f2_font-19.svg]
[uploads-ssl.webflow.com/6408bea3de5aef58b7e197d4/6463f327b3876e2871425725_font-20.svg]
[uploads-ssl.webflow.com/6408bea3de5aef58b7e197d4/6463f3258669e0cdc777a71a_font-21.svg]
[uploads-ssl.webflow.com/6408bea3de5aef58b7e197d4/6463f32637b7971816eb3573_font-22.svg]
[uploads-ssl.webflow.com/6408bea3de5aef58b7e197d4/6463f3273c24d7d7ad71a5a8_font-23.svg]
[uploads-ssl.webflow.com/6408bea3de5aef58b7e197d4/6463f326789829ed920b0c59_font-24.svg]
[uploads-ssl.webflow.com/6408bea3de5aef58b7e197d4/6463f327a1a24795437035fb_font-25.svg]
[uploads-ssl.webflow.com/6408bea3de5aef58b7e197d4/6463f326cc184487dbb210a1_font-26.svg]
[uploads-ssl.webflow.com/6408bea3de5aef58b7e197d4/6463f327747575a0169b3d1b_font-27.svg]
[uploads-ssl.webflow.com/6408bea3de5aef58b7e197d4/6463f327b1caf6c46fee0b63_font-28.svg]
[uploads-ssl.webflow.com/6408bea3de5aef58b7e197d4/6463f3275d95b1527ccc738e_font-29.svg]
[uploads-ssl.webflow.com/6408bea3de5aef58b7e197d4/6463f327a3bae890ec9eae0b_font-30.svg]
[uploads-ssl.webflow.com/6408bea3de5aef58b7e197d4/6463f328e564a2074e3baaf2_font-31.svg]
[uploads-ssl.webflow.com/6408bea3de5aef58b7e197d4/6463f328b3876e2871425824_font-32.svg]
[uploads-ssl.webflow.com/6408bea3de5aef58b7e197d4/6463f3287863d620bcc510c2_font-33.svg]
[uploads-ssl.webflow.com/6408bea3de5aef58b7e197d4/6463f328298923df99bd055f_font-34.svg]
[uploads-ssl.webflow.com/6408bea3de5aef58b7e197d4/6463f328a3bae890ec9eaf2f_font-35.svg]
[diagram.com/_next/static/chunks/pages/terms-3b00285e87626955.js]
[uploads-ssl.webflow.com/6408bea3de5aef58b7e197d4/646d1f00d9d8faf3f080fe7f_twitter-icon.svg]
[uploads-ssl.webflow.com/6408bea3de5aef58b7e197d4/646d1f007bccf9b292c3ba17_readcv-icon.svg]
[uploads-ssl.webflow.com/6408bea3de5aef58b7e197d4/646d1f00c3223475b708e959_discord-icon.svg]
[uploads-ssl.webflow.com/6408bea3de5aef58b7e197d4/646d1f0026c4941c3a789671_instagram-icon.svg]
[uploads-ssl.webflow.com/6408bea3de5aef58b7e197d4/64092af2e77edc853d45bb87_twitter-icon.svg]
[uploads-ssl.webflow.com/6408bea3de5aef58b7e197d4/64092b3dd8cc0c1bc4faae64_readcv-icon.svg]
[uploads-ssl.webflow.com/6408bea3de5aef58b7e197d4/64092af2d8cc0c4174faa9f4_discord-icon.svg]
[uploads-ssl.webflow.com/6408bea3de5aef58b7e197d4/64092af2e34be91b538baf08_ig-icon.svg]
[diagram.com/404-2]
[diagram.imgix.net/oge841.png]
[diagram.com/logos/diagram-bw-logo.svg]
[diagram.com/logos/google-tile.svg]
[diagram.com/privacy]
[diagram.com/privacy]
